<?xml version="1.0" encoding="UTF-8"?>
<!-- Generated by org.testng.reporters.JUnitReportReporter -->
<testsuite skipped="0" hostname="CDC2-D-6S9CH92" name="Integration_code.NewTest" tests="1" failures="0" timestamp="24 Jul 2019 09:47:20 GMT" time="14.873" errors="0">
  <testcase name="f" time="14.873" classname="Integration_code.NewTest"/>
</testsuite> <!-- Integration_code.NewTest -->
